<?xml version="1.0" encoding="UTF-8"?>
<!-- Generated by org.testng.reporters.JUnitXMLReporter -->
<testsuite ignored="0" hostname="II31-7DHY4Q2" failures="1" tests="1" name="Default test(failed)" time="29.029" errors="0" timestamp="2020-10-01T08:46:08 IST">
  <testcase classname="testng.ScreenshotForFailedTest" name="@AfterMethod tearDown" time="0.003">
    <failure type="java.lang.NullPointerException">
      <![CDATA[java.lang.NullPointerException
at testng.ScreenshotForFailedTest.tearDown(ScreenshotForFailedTest.java:31)
at java.base/java.util.ArrayList.forEach(ArrayList.java:1540)
at testng.RunFailedTests.main(RunFailedTests.java:13)
... Removed 29 stack frames]]>
    </failure>
  </testcase> <!-- @AfterMethod tearDown -->
  <testcase classname="testng.ScreenshotForFailedTest" name="captureScreenshot" time="28.99">
    <failure type="org.openqa.selenium.SessionNotCreatedException" message="session not created: This version of ChromeDriver only supports Chrome version 83
Build info: version: &amp;apos;3.141.59&amp;apos;, revision: &amp;apos;e82be7d358&amp;apos;, time: &amp;apos;2018-11-14T08:25:48&amp;apos;
System info: host: &amp;apos;II31-7DHY4Q2&amp;apos;, ip: &amp;apos;192.168.99.1&amp;apos;, os.name: &amp;apos;Windows 8.1&amp;apos;, os.arch: &amp;apos;amd64&amp;apos;, os.version: &amp;apos;6.3&amp;apos;, java.version: &amp;apos;11.0.2&amp;apos;
Driver info: driver.version: ChromeDriver
remote stacktrace: Backtrace:
	Ordinal0 [0x00DF9563+2725219]
	Ordinal0 [0x00CF8551+1672529]
	Ordinal0 [0x00BE0359+525145]
	Ordinal0 [0x00B70B77+68471]
	Ordinal0 [0x00B6D32C+54060]
	Ordinal0 [0x00B8CC37+183351]
	Ordinal0 [0x00B8CA3D+182845]
	Ordinal0 [0x00B8A94B+174411]
	Ordinal0 [0x00B72528+75048]
	Ordinal0 [0x00B735A0+79264]
	Ordinal0 [0x00B73539+79161]
	Ordinal0 [0x00D0D607+1758727]
	GetHandleVerifier [0x00F16546+1050150]
	GetHandleVerifier [0x00F16291+1049457]
	GetHandleVerifier [0x00F210D7+1094071]
	GetHandleVerifier [0x00F16B46+1051686]
	Ordinal0 [0x00D05B06+1727238]
	Ordinal0 [0x00D0EB7B+1764219]
	Ordinal0 [0x00D0ECE3+1764579]
	Ordinal0 [0x00D24C05+1854469]
	BaseThreadInitThunk [0x76F76A14+36]
	RtlInitializeExceptionChain [0x771CAB4F+143]
	RtlInitializeExceptionChain [0x771CAB1A+90]
">
      <![CDATA[org.openqa.selenium.SessionNotCreatedException: session not created: This version of ChromeDriver only supports Chrome version 83
Build info: version: '3.141.59', revision: 'e82be7d358', time: '2018-11-14T08:25:48'
System info: host: 'II31-7DHY4Q2', ip: '192.168.99.1', os.name: 'Windows 8.1', os.arch: 'amd64', os.version: '6.3', java.version: '11.0.2'
Driver info: driver.version: ChromeDriver
remote stacktrace: Backtrace:
Ordinal0 [0x00DF9563+2725219]
Ordinal0 [0x00CF8551+1672529]
Ordinal0 [0x00BE0359+525145]
Ordinal0 [0x00B70B77+68471]
Ordinal0 [0x00B6D32C+54060]
Ordinal0 [0x00B8CC37+183351]
Ordinal0 [0x00B8CA3D+182845]
Ordinal0 [0x00B8A94B+174411]
Ordinal0 [0x00B72528+75048]
Ordinal0 [0x00B735A0+79264]
Ordinal0 [0x00B73539+79161]
Ordinal0 [0x00D0D607+1758727]
GetHandleVerifier [0x00F16546+1050150]
GetHandleVerifier [0x00F16291+1049457]
GetHandleVerifier [0x00F210D7+1094071]
GetHandleVerifier [0x00F16B46+1051686]
Ordinal0 [0x00D05B06+1727238]
Ordinal0 [0x00D0EB7B+1764219]
Ordinal0 [0x00D0ECE3+1764579]
Ordinal0 [0x00D24C05+1854469]
BaseThreadInitThunk [0x76F76A14+36]
RtlInitializeExceptionChain [0x771CAB4F+143]
RtlInitializeExceptionChain [0x771CAB1A+90]

at org.openqa.selenium.remote.W3CHandshakeResponse.lambda$errorHandler$0(W3CHandshakeResponse.java:62)
at org.openqa.selenium.remote.HandshakeResponse.lambda$getResponseFunction$0(HandshakeResponse.java:30)
at org.openqa.selenium.remote.ProtocolHandshake.lambda$createSession$0(ProtocolHandshake.java:126)
at java.base/java.util.stream.ReferencePipeline$3$1.accept(ReferencePipeline.java:195)
at java.base/java.util.Spliterators$ArraySpliterator.tryAdvance(Spliterators.java:958)
at java.base/java.util.stream.ReferencePipeline.forEachWithCancel(ReferencePipeline.java:127)
at java.base/java.util.stream.AbstractPipeline.copyIntoWithCancel(AbstractPipeline.java:502)
at java.base/java.util.stream.AbstractPipeline.copyInto(AbstractPipeline.java:488)
at java.base/java.util.stream.AbstractPipeline.wrapAndCopyInto(AbstractPipeline.java:474)
at java.base/java.util.stream.FindOps$FindOp.evaluateSequential(FindOps.java:150)
at java.base/java.util.stream.AbstractPipeline.evaluate(AbstractPipeline.java:234)
at java.base/java.util.stream.ReferencePipeline.findFirst(ReferencePipeline.java:543)
at org.openqa.selenium.remote.ProtocolHandshake.createSession(ProtocolHandshake.java:128)
at org.openqa.selenium.remote.ProtocolHandshake.createSession(ProtocolHandshake.java:74)
at org.openqa.selenium.remote.HttpCommandExecutor.execute(HttpCommandExecutor.java:136)
at org.openqa.selenium.remote.service.DriverCommandExecutor.execute(DriverCommandExecutor.java:83)
at org.openqa.selenium.remote.RemoteWebDriver.execute(RemoteWebDriver.java:552)
at org.openqa.selenium.remote.RemoteWebDriver.startSession(RemoteWebDriver.java:213)
at org.openqa.selenium.remote.RemoteWebDriver.<init>(RemoteWebDriver.java:131)
at org.openqa.selenium.chrome.ChromeDriver.<init>(ChromeDriver.java:181)
at org.openqa.selenium.chrome.ChromeDriver.<init>(ChromeDriver.java:168)
at org.openqa.selenium.chrome.ChromeDriver.<init>(ChromeDriver.java:123)
at testng.ScreenshotForFailedTest.captureScreenshot(ScreenshotForFailedTest.java:17)
at java.base/java.util.ArrayList.forEach(ArrayList.java:1540)
at testng.RunFailedTests.main(RunFailedTests.java:13)
... Removed 28 stack frames]]>
    </failure>
  </testcase> <!-- captureScreenshot -->
</testsuite> <!-- Default test(failed) -->
